<?xml version="1.0" encoding="UTF-8" standalone="yes"?><!DOCTYPE report PUBLIC "-//JACOCO//DTD Report 1.1//EN" "report.dtd"><report name="TourGuide"><sessioninfo id="iNebrass.local-7ecc8b2d" start="1611000518607" dump="1611000524890"/><sessioninfo id="iNebrass.local-105128d2" start="1611001572840" dump="1611001578929"/><sessioninfo id="iNebrass.local-41a1ab6e" start="1611001584570" dump="1611001590652"/><sessioninfo id="iNebrass.local-429e48ab" start="1611001601233" dump="1611001607288"/><sessioninfo id="iNebrass.local-8e377d0f" start="1611317675732" dump="1611317681420"/><sessioninfo id="iNebrass.local-8d90f894" start="1611317709768" dump="1611317715718"/><sessioninfo id="iNebrass.local-51c18b00" start="1611587121234" dump="1611587127805"/><sessioninfo id="iNebrass.local-d1e54b57" start="1611587128727" dump="1611587135533"/><sessioninfo id="iNebrass.local-d6c88386" start="1611590128883" dump="1611590135229"/><sessioninfo id="iNebrass.local-12ff4c6b" start="1611591445604" dump="1611591451240"/><sessioninfo id="iNebrass.local-f5d80c4f" start="1611597255300" dump="1611597260931"/><sessioninfo id="iNebrass.local-e476ad4d" start="1611597339943" dump="1611597347136"/><sessioninfo id="iNebrass.local-58fa1d69" start="1611597630837" dump="1611597666129"/><sessioninfo id="iNebrass.local-11a9dbf4" start="1611597687026" dump="1611597693912"/><sessioninfo id="iNebrass.local-743c7d9a" start="1611597704011" dump="1611597710849"/><sessioninfo id="iNebrass.local-d447a645" start="1611597979534" dump="1611598000403"/><sessioninfo id="iNebrass.local-a3f1d2da" start="1611598075821" dump="1611598216801"/><sessioninfo id="iNebrass.local-273fe46d" start="1611598242201" dump="1611598248660"/><sessioninfo id="iNebrass.local-f909afc4" start="1611598376477" dump="1611598383010"/><sessioninfo id="iNebrass.local-5f27270a" start="1611598405680" dump="1611598418519"/><sessioninfo id="iNebrass.local-1a2b094c" start="1611598508995" dump="1611598514919"/><sessioninfo id="iNebrass.local-b04d7fe3" start="1611598796331" dump="1611598812226"/><sessioninfo id="iNebrass.local-9abb7b10" start="1611598855592" dump="1611598861661"/><sessioninfo id="iNebrass.local-8dc3eaef" start="1611600010712" dump="1611600016722"/><sessioninfo id="iNebrass.local-4dca613" start="1611654403489" dump="1611654409807"/><sessioninfo id="iNebrass.local-6c4a689e" start="1611654455144" dump="1611654473801"/><sessioninfo id="iNebrass.local-ac6bada8" start="1611654524563" dump="1611654530511"/><sessioninfo id="iNebrass.local-e07e76c7" start="1611658267008" dump="1611658273019"/><sessioninfo id="iNebrass.local-72fd761b" start="1611658282032" dump="1611658288823"/><sessioninfo id="iNebrass.local-ba343d97" start="1611658341157" dump="1611658347305"/><sessioninfo id="iNebrass.local-f5069afc" start="1611682066534" dump="1611682072558"/><sessioninfo id="iNebrass.local-12d42030" start="1611682186038" dump="1611682192159"/><sessioninfo id="iNebrass.local-920553e" start="1611682206089" dump="1611682219868"/><sessioninfo id="iNebrass.local-72bec98b" start="1611682240576" dump="1611682254720"/><sessioninfo id="iNebrass.local-2576439c" start="1611682271505" dump="1611682280381"/><sessioninfo id="iNebrass.local-f7a16ec9" start="1611738381731" dump="1611738387819"/><sessioninfo id="iNebrass.local-16162507" start="1611738415597" dump="1611738429561"/><sessioninfo id="iNebrass.local-f2518e65" start="1611738470378" dump="1611738484323"/><sessioninfo id="iNebrass.local-2006db65" start="1611738490430" dump="1611738504052"/><sessioninfo id="iNebrass.local-942f4e96" start="1611738515771" dump="1611738529647"/><sessioninfo id="iNebrass.local-286bd396" start="1611738554578" dump="1611738568378"/><sessioninfo id="iNebrass.local-8b84e658" start="1611738579325" dump="1611738585424"/><sessioninfo id="iNebrass.local-cb4e4c0b" start="1611739183640" dump="1611739191967"/><sessioninfo id="iNebrass.local-bc67eed0" start="1611739204098" dump="1611739217689"/><sessioninfo id="iNebrass.local-45ef36a1" start="1611740355846" dump="1611740369613"/><sessioninfo id="iNebrass.local-22863e7f" start="1611740376256" dump="1611740390090"/><sessioninfo id="iNebrass.local-b7ae0624" start="1611745288697" dump="1611745302575"/><sessioninfo id="iNebrass.local-413fcde9" start="1611745627943" dump="1611745633571"/><sessioninfo id="iNebrass.local-e5b83fc5" start="1611745641585" dump="1611745647582"/><sessioninfo id="iNebrass.local-6bac08cf" start="1611745666161" dump="1611745672693"/><sessioninfo id="iNebrass.local-8ed5c722" start="1611765870241" dump="1611765884555"/><sessioninfo id="iNebrass.local-ff88794" start="1611765894898" dump="1611765908902"/><sessioninfo id="iNebrass.local-a0ba356" start="1611765913248" dump="1611765927120"/><sessioninfo id="iNebrass.local-75d4ee81" start="1611766010101" dump="1611766023967"/><sessioninfo id="iNebrass.local-6c1aa8c9" start="1611766034649" dump="1611766048319"/><sessioninfo id="iNebrass.local-9c196268" start="1611827785175" dump="1611827793441"/><sessioninfo id="iNebrass.local-c2bc91c6" start="1611833813003" dump="1611833833809"/><sessioninfo id="iNebrass.local-6612ff8e" start="1611834091795" dump="1611834102380"/><sessioninfo id="iNebrass.local-a331c4d1" start="1611835240729" dump="1611835257747"/><sessioninfo id="iNebrass.local-c1fcf704" start="1611835269611" dump="1611835278344"/><sessioninfo id="iNebrass.local-cd6dc284" start="1611914784343" dump="1611914798546"/><sessioninfo id="iNebrass.local-5ccc0d74" start="1611941462601" dump="1611941476723"/><sessioninfo id="iNebrass.local-e6d7eb71" start="1611941578301" dump="1611941584293"/><sessioninfo id="iNebrass.local-93e74902" start="1612086076365" dump="1612086091065"/><sessioninfo id="iNebrass.local-40e4c55f" start="1612086120860" dump="1612086134677"/><sessioninfo id="iNebrass.local-3385f59f" start="1612086141427" dump="1612086155233"/><sessioninfo id="iNebrass.local-e4f4c7b4" start="1612086162989" dump="1612086176999"/><sessioninfo id="iNebrass.local-601d8b92" start="1612086195693" dump="1612086209422"/><sessioninfo id="iNebrass.local-f8f8fc55" start="1612086220549" dump="1612086234915"/><sessioninfo id="iNebrass.local-5d74c695" start="1612086240214" dump="1612086254322"/><sessioninfo id="iNebrass.local-c0619116" start="1612086260080" dump="1612086274155"/><sessioninfo id="iNebrass.local-c41a3bfb" start="1612086279060" dump="1612086293177"/><sessioninfo id="iNebrass.local-49279183" start="1612086320788" dump="1612086327917"/><sessioninfo id="iNebrass.local-328872bb" start="1612176157206" dump="1612176497329"/><sessioninfo id="iNebrass.local-49717d19" start="1612176743981" dump="1612177280324"/><sessioninfo id="iNebrass.local-a99ece85" start="1612177988059" dump="1612178016543"/><sessioninfo id="iNebrass.local-62a61b35" start="1612182057665" dump="1612183086970"/><sessioninfo id="iNebrass.local-e8831ec1" start="1612183904783" dump="1612183911825"/><sessioninfo id="iNebrass.local-453bfc59" start="1612183928315" dump="1612183944853"/><sessioninfo id="iNebrass.local-d42a330d" start="1612183951675" dump="1612183967863"/><sessioninfo id="iNebrass.local-d3374242" start="1612183977539" dump="1612184083171"/><sessioninfo id="iNebrass.local-f41fbde" start="1612184095143" dump="1612184201304"/><sessioninfo id="iNebrass.local-320de8ff" start="1612184216475" dump="1612185232828"/><sessioninfo id="iNebrass.local-1b5db5c7" start="1612185422832" dump="1612186424629"/><sessioninfo id="iNebrass.local-b0f5c3cf" start="1612186576079" dump="1612187604757"/><sessioninfo id="iNebrass.local-80380be4" start="1612187701169" dump="1612188740540"/><sessioninfo id="iNebrass.local-c292e0e7" start="1612190640178" dump="1612190647409"/><sessioninfo id="iNebrass.local-52805379" start="1612190740439" dump="1612202122520"/><sessioninfo id="iNebrass.local-ee9d0231" start="1612202391331" dump="1612203391761"/><sessioninfo id="iNebrass.local-f08ec405" start="1612203731675" dump="1612203788222"/><sessioninfo id="iNebrass.local-21adf0bd" start="1612203957127" dump="1612204001434"/><sessioninfo id="iNebrass.local-d9bd2da9" start="1612204106634" dump="1612204113376"/><sessioninfo id="iNebrass.local-2f5d6e37" start="1612204198923" dump="1612204205369"/><sessioninfo id="iNebrass.local-6648fc32" start="1612204262675" dump="1612204316866"/><sessioninfo id="iNebrass.local-45e42d47" start="1612204323073" dump="1612204366047"/><sessioninfo id="iNebrass.local-87abca60" start="1612204389225" dump="1612204444700"/><sessioninfo id="iNebrass.local-4ff3dc3f" start="1612204471658" dump="1612207459066"/><sessioninfo id="iNebrass.local-4c097ab2" start="1612207506040" dump="1612207556915"/><sessioninfo id="iNebrass.local-37a80bd1" start="1612207947697" dump="1612208456525"/><sessioninfo id="iNebrass.local-2ece6ebb" start="1612275381450" dump="1612276246363"/><sessioninfo id="iNebrass.local-9c39b27a" start="1612279496460" dump="1612280358332"/><sessioninfo id="iNebrass.local-d4709a93" start="1612282167628" dump="1612282174766"/><sessioninfo id="iNebrass.local-fc8db452" start="1612284715504" dump="1612284725821"/><sessioninfo id="iNebrass.local-34374897" start="1612284820620" dump="1612284827523"/><sessioninfo id="iNebrass.local-711a9a6a" start="1612285114797" dump="1612285126663"/><sessioninfo id="iNebrass.local-c32a31f1" start="1612286289204" dump="1612286295357"/><sessioninfo id="iNebrass.local-7e3081ff" start="1612287033072" dump="1612287042504"/><sessioninfo id="iNebrass.local-41a510e3" start="1612287466901" dump="1612287477029"/><sessioninfo id="iNebrass.local-83865fa5" start="1612288033001" dump="1612288043062"/><sessioninfo id="iNebrass.local-409b1ded" start="1612288103837" dump="1612288114465"/><sessioninfo id="iNebrass.local-86c1a6d8" start="1612288148066" dump="1612288154309"/><sessioninfo id="iNebrass.local-b5464d1b" start="1612288201440" dump="1612288208089"/><sessioninfo id="iNebrass.local-45f29267" start="1612288231014" dump="1612288237766"/><sessioninfo id="iNebrass.local-654c9e19" start="1612345317678" dump="1612345324486"/><sessioninfo id="iNebrass.local-382ad268" start="1612347178994" dump="1612347185879"/><sessioninfo id="iNebrass.local-6b91c2a1" start="1612347227704" dump="1612347233942"/><sessioninfo id="iNebrass.local-6b626cb7" start="1612347513498" dump="1612347519589"/><sessioninfo id="iNebrass.local-d6b0c644" start="1612347541100" dump="1612347547447"/><sessioninfo id="iNebrass.local-8e151274" start="1612347742832" dump="1612347748553"/><sessioninfo id="iNebrass.local-fe67465e" start="1612348240784" dump="1612348247044"/><sessioninfo id="iNebrass.local-9890b7db" start="1612361287572" dump="1612361294699"/><sessioninfo id="iNebrass.local-b3437848" start="1612361343505" dump="1612361350558"/><sessioninfo id="iNebrass.local-dcc551f3" start="1612361378373" dump="1612362238915"/><sessioninfo id="iNebrass.local-49c0aa28" start="1612362330509" dump="1612362337479"/><sessioninfo id="iNebrass.local-dac224d1" start="1612362695884" dump="1612362702124"/><sessioninfo id="iNebrass.local-8d3cfb56" start="1612363028016" dump="1612363034038"/><sessioninfo id="iNebrass.local-ef545441" start="1612363071117" dump="1612363078050"/><sessioninfo id="iNebrass.local-fd0c779" start="1612364545410" dump="1612364551356"/><sessioninfo id="iNebrass.local-dfe2dd0a" start="1612365118469" dump="1612365125184"/><sessioninfo id="iNebrass.local-9a8f159d" start="1612365151049" dump="1612365157265"/><sessioninfo id="iNebrass.local-2feee2c3" start="1612365191153" dump="1612365197302"/><sessioninfo id="iNebrass.local-2492e447" start="1612794703008" dump="1612794711103"/><sessioninfo id="iNebrass.local-feac4208" start="1612794800203" dump="1612794807063"/><sessioninfo id="iNebrass.local-b7496846" start="1612798225452" dump="1612798707882"/><sessioninfo id="iNebrass.local-c87c3fb7" start="1612798798551" dump="1612798809287"/><sessioninfo id="iNebrass.local-d80f4579" start="1612798834004" dump="1612798883260"/><sessioninfo id="iNebrass.local-3105a609" start="1612798948806" dump="1612799411290"/><sessioninfo id="iNebrass.local-e1415150" start="1612799747835" dump="1612801965795"/><sessioninfo id="iNebrass.local-5b96d9bf" start="1612802127069" dump="1612802140846"/><sessioninfo id="iNebrass.local-46577f63" start="1612803787791" dump="1612803793943"/><sessioninfo id="iNebrass.local-cfe47207" start="1612803814975" dump="1612804025500"/><sessioninfo id="iNebrass.local-3b15d7be" start="1612813871656" dump="1612815305813"/><sessioninfo id="iNebrass.local-709d9aad" start="1612817182395" dump="1612818048481"/><sessioninfo id="iNebrass.local-ba6ec5a" start="1612895161182" dump="1612895167785"/><sessioninfo id="iNebrass.local-6a101df" start="1612951177924" dump="1612951183757"/><sessioninfo id="iNebrass.local-10843736" start="1612951241072" dump="1612951284212"/><sessioninfo id="iNebrass.local-f5022f5" start="1612964079404" dump="1612964125273"/><sessioninfo id="iNebrass.local-f9920a79" start="1612964290975" dump="1612964337393"/><sessioninfo id="iNebrass.local-276be662" start="1612964426521" dump="1612964474178"/><sessioninfo id="iNebrass.local-dc4e888e" start="1612966130707" dump="1612966175729"/><sessioninfo id="iNebrass.local-c7f1c6bf" start="1612966318471" dump="1612966366687"/><sessioninfo id="iNebrass.local-3deff3fe" start="1612966939650" dump="1612966983388"/><sessioninfo id="iNebrass.local-f0d81185" start="1612967121070" dump="1612967153019"/><sessioninfo id="iNebrass.local-49eb602e" start="1612967171919" dump="1612967177848"/><sessioninfo id="iNebrass.local-cbdedb42" start="1612967228351" dump="1612967275503"/><sessioninfo id="iNebrass.local-4f7cca59" start="1612967553426" dump="1612967601857"/><sessioninfo id="iNebrass.local-e233f46c" start="1612970939119" dump="1612970984465"/><sessioninfo id="iNebrass.local-87965a5c" start="1612971031486" dump="1612971077348"/><sessioninfo id="iNebrass.local-6bf7e7a7" start="1612971456784" dump="1612971502768"/><sessioninfo id="iNebrass.local-a41ec538" start="1612976710081" dump="1612976715984"/><sessioninfo id="iNebrass.local-7f2e2ca9" start="1612976735064" dump="1612976780618"/><sessioninfo id="iNebrass.local-69a8544" start="1612976875379" dump="1612976918368"/><sessioninfo id="iNebrass.local-417140de" start="1612977783486" dump="1612977789366"/><sessioninfo id="iNebrass.local-1b0966a9" start="1612979446229" dump="1612979465646"/><sessioninfo id="iNebrass.local-511ba483" start="1612980134134" dump="1612980150974"/><sessioninfo id="iNebrass.local-3d9f8fd4" start="1612980193400" dump="1612980199320"/><sessioninfo id="iNebrass.local-46c0f24f" start="1612980212663" dump="1612980218502"/><sessioninfo id="iNebrass.local-cf6b1743" start="1612980225111" dump="1612980231123"/><sessioninfo id="iNebrass.local-8386cfb1" start="1612980235977" dump="1612980242012"/><sessioninfo id="iNebrass.local-ff4ef7b0" start="1612980255846" dump="1612980261908"/><sessioninfo id="iNebrass.local-52c54383" start="1612980898082" dump="1612980904013"/><sessioninfo id="iNebrass.local-3226e54" start="1612980980323" dump="1612980986275"/><sessioninfo id="iNebrass.local-683b1b7f" start="1612982398661" dump="1612982404551"/><sessioninfo id="iNebrass.local-98e87da3" start="1612982568511" dump="1612982574437"/><sessioninfo id="iNebrass.local-ea11cce3" start="1612982636948" dump="1612982642889"/><sessioninfo id="iNebrass.local-ff9ebbf6" start="1612982675843" dump="1612982681786"/><sessioninfo id="iNebrass.local-2a6b0fe8" start="1612982935555" dump="1612982949426"/><sessioninfo id="iNebrass.local-52b27e3e" start="1612982960018" dump="1612982999001"/><sessioninfo id="iNebrass.local-1adb2438" start="1612983398162" dump="1612983404395"/><sessioninfo id="iNebrass.local-9b122353" start="1612983408452" dump="1612983414414"/><sessioninfo id="iNebrass.local-ba5511bd" start="1612983451811" dump="1612983457759"/><sessioninfo id="iNebrass.local-d44750ac" start="1612983795664" dump="1612983801712"/><sessioninfo id="iNebrass.local-4bf3a1db" start="1612983973070" dump="1612983979182"/><sessioninfo id="iNebrass.local-fef7c3d9" start="1612984823956" dump="1612984830188"/><sessioninfo id="iNebrass.local-a99e980f" start="1612986625773" dump="1612986647520"/><sessioninfo id="iNebrass.local-a93672cb" start="1612987065738" dump="1612987077067"/><sessioninfo id="iNebrass.local-8bced139" start="1612987506754" dump="1612987515033"/><sessioninfo id="iNebrass.local-4d86f1e4" start="1612987544552" dump="1612987552849"/><sessioninfo id="iNebrass.local-7e6815ec" start="1612987586981" dump="1612987613274"/><sessioninfo id="iNebrass.local-fa1b34fc" start="1613027966225" dump="1613028172401"/><sessioninfo id="iNebrass.local-df199cb3" start="1613028397406" dump="1613028403324"/><sessioninfo id="iNebrass.local-b427916c" start="1613028405831" dump="1613028411892"/><sessioninfo id="iNebrass.local-c882ba97" start="1613035739000" dump="1613035744935"/><sessioninfo id="iNebrass.local-5b3b32" start="1613035777418" dump="1613035884843"/><sessioninfo id="iNebrass.local-82e05b95" start="1613035892123" dump="1613035898024"/><sessioninfo id="iNebrass.local-7dc52bb1" start="1613036819047" dump="1613036825000"/><sessioninfo id="iNebrass.local-c34f18ea" start="1613039178309" dump="1613039184262"/><sessioninfo id="iNebrass.local-ed50d699" start="1613040049500" dump="1613040055410"/><sessioninfo id="iNebrass.local-1e2b123d" start="1613295477596" dump="1613295483688"/><sessioninfo id="iNebrass.local-90a45598" start="1613295526224" dump="1613295532555"/><sessioninfo id="iNebrass.local-a7598cea" start="1613295652792" dump="1613295659086"/><sessioninfo id="iNebrass.local-2ef1ef0c" start="1613295718138" dump="1613295724185"/><sessioninfo id="iNebrass.local-19e84a21" start="1613310161602" dump="1613310167551"/><sessioninfo id="iNebrass.local-631f7e12" start="1613310469430" dump="1613310475408"/><sessioninfo id="iNebrass.local-e4c62fd5" start="1613313958344" dump="1613313964242"/><sessioninfo id="iNebrass.local-c5f946c6" start="1613335807611" dump="1613335813603"/><sessioninfo id="iNebrass.local-f271ae06" start="1613335847341" dump="1613335853306"/><sessioninfo id="iNebrass.local-7ff68b17" start="1613335875051" dump="1613335881029"/><sessioninfo id="iNebrass.local-27f0bf93" start="1613337340888" dump="1613337349047"/><sessioninfo id="iNebrass.local-dfc28d53" start="1613339125511" dump="1613339134465"/><sessioninfo id="iNebrass.local-d0b990eb" start="1613339147466" dump="1613339155704"/><package name="tourGuide"><class name="tourGuide/Application" sourcefilename="Application.java"><method name="&lt;init&gt;" desc="()V" line="9"><counter type="INSTRUCTION" missed="3" covered="0"/><counter type="LINE" missed="1" covered="0"/><counter type="COMPLEXITY" missed="1" covered="0"/><counter type="METHOD" missed="1" covered="0"/></method><method name="main" desc="([Ljava/lang/String;)V" line="12"><counter type="INSTRUCTION" missed="11" covered="0"/><counter type="LINE" missed="4" covered="0"/><counter type="COMPLEXITY" missed="1" covered="0"/><counter type="METHOD" missed="1" covered="0"/></method><counter type="INSTRUCTION" missed="14" covered="0"/><counter type="LINE" missed="5" covered="0"/><counter type="COMPLEXITY" missed="2" covered="0"/><counter type="METHOD" missed="2" covered="0"/><counter type="CLASS" missed="1" covered="0"/></class><class name="tourGuide/TourGuideModule" sourcefilename="TourGuideModule.java"><method name="&lt;init&gt;" desc="()V" line="11"><counter type="INSTRUCTION" missed="3" covered="0"/><counter type="LINE" missed="1" covered="0"/><counter type="COMPLEXITY" missed="1" covered="0"/><counter type="METHOD" missed="1" covered="0"/></method><method name="getGpsUtil" desc="()LgpsUtil/GpsUtil;" line="15"><counter type="INSTRUCTION" missed="4" covered="0"/><counter type="LINE" missed="1" covered="0"/><counter type="COMPLEXITY" missed="1" covered="0"/><counter type="METHOD" missed="1" covered="0"/></method><method name="getRewardsService" desc="()LtourGuide/service/RewardsService;" line="20"><counter type="INSTRUCTION" missed="8" covered="0"/><counter type="LINE" missed="1" covered="0"/><counter type="COMPLEXITY" missed="1" covered="0"/><counter type="METHOD" missed="1" covered="0"/></method><method name="getRewardCentral" desc="()LrewardCentral/RewardCentral;" line="25"><counter type="INSTRUCTION" missed="4" covered="0"/><counter type="LINE" missed="1" covered="0"/><counter type="COMPLEXITY" missed="1" covered="0"/><counter type="METHOD" missed="1" covered="0"/></method><counter type="INSTRUCTION" missed="19" covered="0"/><counter type="LINE" missed="4" covered="0"/><counter type="COMPLEXITY" missed="4" covered="0"/><counter type="METHOD" missed="4" covered="0"/><counter type="CLASS" missed="1" covered="0"/></class><class name="tourGuide/TourGuideController" sourcefilename="TourGuideController.java"><method name="&lt;init&gt;" desc="()V" line="18"><counter type="INSTRUCTION" missed="3" covered="0"/><counter type="LINE" missed="1" covered="0"/><counter type="COMPLEXITY" missed="1" covered="0"/><counter type="METHOD" missed="1" covered="0"/></method><method name="index" desc="()Ljava/lang/String;" line="25"><counter type="INSTRUCTION" missed="2" covered="0"/><counter type="LINE" missed="1" covered="0"/><counter type="COMPLEXITY" missed="1" covered="0"/><counter type="METHOD" missed="1" covered="0"/></method><method name="getLocation" desc="(Ljava/lang/String;)Ljava/lang/String;" line="30"><counter type="INSTRUCTION" missed="11" covered="0"/><counter type="LINE" missed="2" covered="0"/><counter type="COMPLEXITY" missed="1" covered="0"/><counter type="METHOD" missed="1" covered="0"/></method><method name="getNearbyAttractions" desc="(Ljava/lang/String;)Ljava/lang/String;" line="45"><counter type="INSTRUCTION" missed="13" covered="0"/><counter type="LINE" missed="2" covered="0"/><counter type="COMPLEXITY" missed="1" covered="0"/><counter type="METHOD" missed="1" covered="0"/></method><method name="getRewards" desc="(Ljava/lang/String;)Ljava/lang/String;" line="51"><counter type="INSTRUCTION" missed="8" covered="0"/><counter type="LINE" missed="1" covered="0"/><counter type="COMPLEXITY" missed="1" covered="0"/><counter type="METHOD" missed="1" covered="0"/></method><method name="getAllCurrentLocations" desc="()Ljava/lang/String;" line="66"><counter type="INSTRUCTION" missed="3" covered="0"/><counter type="LINE" missed="1" covered="0"/><counter type="COMPLEXITY" missed="1" covered="0"/><counter type="METHOD" missed="1" covered="0"/></method><method name="getTripDeals" desc="(Ljava/lang/String;)Ljava/lang/String;" line="71"><counter type="INSTRUCTION" missed="10" covered="0"/><counter type="LINE" missed="2" covered="0"/><counter type="COMPLEXITY" missed="1" covered="0"/><counter type="METHOD" missed="1" covered="0"/></method><method name="getUser" desc="(Ljava/lang/String;)LtourGuide/user/User;" line="76"><counter type="INSTRUCTION" missed="5" covered="0"/><counter type="LINE" missed="1" covered="0"/><counter type="COMPLEXITY" missed="1" covered="0"/><counter type="METHOD" missed="1" covered="0"/></method><counter type="INSTRUCTION" missed="55" covered="0"/><counter type="LINE" missed="11" covered="0"/><counter type="COMPLEXITY" missed="8" covered="0"/><counter type="METHOD" missed="8" covered="0"/><counter type="CLASS" missed="1" covered="0"/></class><sourcefile name="Application.java"><line nr="9" mi="3" ci="0" mb="0" cb="0"/><line nr="12" mi="4" ci="0" mb="0" cb="0"/><line nr="14" mi="3" ci="0" mb="0" cb="0"/><line nr="15" mi="3" ci="0" mb="0" cb="0"/><line nr="16" mi="1" ci="0" mb="0" cb="0"/><counter type="INSTRUCTION" missed="14" covered="0"/><counter type="LINE" missed="5" covered="0"/><counter type="COMPLEXITY" missed="2" covered="0"/><counter type="METHOD" missed="2" covered="0"/><counter type="CLASS" missed="1" covered="0"/></sourcefile><sourcefile name="TourGuideModule.java"><line nr="11" mi="3" ci="0" mb="0" cb="0"/><line nr="15" mi="4" ci="0" mb="0" cb="0"/><line nr="20" mi="8" ci="0" mb="0" cb="0"/><line nr="25" mi="4" ci="0" mb="0" cb="0"/><counter type="INSTRUCTION" missed="19" covered="0"/><counter type="LINE" missed="4" covered="0"/><counter type="COMPLEXITY" missed="4" covered="0"/><counter type="METHOD" missed="4" covered="0"/><counter type="CLASS" missed="1" covered="0"/></sourcefile><sourcefile name="TourGuideController.java"><line nr="18" mi="3" ci="0" mb="0" cb="0"/><line nr="25" mi="2" ci="0" mb="0" cb="0"/><line nr="30" mi="7" ci="0" mb="0" cb="0"/><line nr="31" mi="4" ci="0" mb="0" cb="0"/><line nr="45" mi="7" ci="0" mb="0" cb="0"/><line nr="46" mi="6" ci="0" mb="0" cb="0"/><line nr="51" mi="8" ci="0" mb="0" cb="0"/><line nr="66" mi="3" ci="0" mb="0" cb="0"/><line nr="71" mi="7" ci="0" mb="0" cb="0"/><line nr="72" mi="3" ci="0" mb="0" cb="0"/><line nr="76" mi="5" ci="0" mb="0" cb="0"/><counter type="INSTRUCTION" missed="55" covered="0"/><counter type="LINE" missed="11" covered="0"/><counter type="COMPLEXITY" missed="8" covered="0"/><counter type="METHOD" missed="8" covered="0"/><counter type="CLASS" missed="1" covered="0"/></sourcefile><counter type="INSTRUCTION" missed="88" covered="0"/><counter type="LINE" missed="20" covered="0"/><counter type="COMPLEXITY" missed="14" covered="0"/><counter type="METHOD" missed="14" covered="0"/><counter type="CLASS" missed="3" covered="0"/></package><package name="tourGuide/tracker"><class name="tourGuide/tracker/Tracker" sourcefilename="Tracker.java"><method name="&lt;init&gt;" desc="(LtourGuide/service/TourGuideService;)V" line="18"><counter type="INSTRUCTION" missed="0" covered="21"/><counter type="LINE" missed="0" covered="7"/><counter type="COMPLEXITY" missed="0" covered="1"/><counter type="METHOD" missed="0" covered="1"/></method><method name="stopTracking" desc="()V" line="34"><counter type="INSTRUCTION" missed="0" covered="8"/><counter type="LINE" missed="0" covered="3"/><counter type="COMPLEXITY" missed="0" covered="1"/><counter type="METHOD" missed="0" covered="1"/></method><method name="run" desc="()V" line="40"><counter type="INSTRUCTION" missed="5" covered="66"/><counter type="BRANCH" missed="1" covered="3"/><counter type="LINE" missed="3" covered="15"/><counter type="COMPLEXITY" missed="1" covered="2"/><counter type="METHOD" missed="0" covered="1"/></method><method name="lambda$run$0" desc="(LtourGuide/user/User;)V" line="50"><counter type="INSTRUCTION" missed="0" covered="6"/><counter type="LINE" missed="0" covered="1"/><counter type="COMPLEXITY" missed="0" covered="1"/><counter type="METHOD" missed="0" covered="1"/></method><method name="&lt;clinit&gt;" desc="()V" line="19"><counter type="INSTRUCTION" missed="0" covered="5"/><counter type="LINE" missed="0" covered="1"/><counter type="COMPLEXITY" missed="0" covered="1"/><counter type="METHOD" missed="0" covered="1"/></method><counter type="INSTRUCTION" missed="5" covered="106"/><counter type="BRANCH" missed="1" covered="3"/><counter type="LINE" missed="3" covered="26"/><counter type="COMPLEXITY" missed="1" covered="6"/><counter type="METHOD" missed="0" covered="5"/><counter type="CLASS" missed="0" covered="1"/></class><sourcefile name="Tracker.java"><line nr="18" mi="0" ci="4" mb="0" cb="0"/><line nr="19" mi="0" ci="5" mb="0" cb="0"/><line nr="20" mi="0" ci="3" mb="0" cb="0"/><line nr="22" mi="0" ci="3" mb="0" cb="0"/><line nr="24" mi="0" ci="2" mb="0" cb="0"/><line nr="25" mi="0" ci="3" mb="0" cb="0"/><line nr="27" mi="0" ci="5" mb="0" cb="0"/><line nr="28" mi="0" ci="1" mb="0" cb="0"/><line nr="34" mi="0" ci="3" mb="0" cb="0"/><line nr="35" mi="0" ci="4" mb="0" cb="0"/><line nr="36" mi="0" ci="1" mb="0" cb="0"/><line nr="40" mi="0" ci="4" mb="0" cb="0"/><line nr="42" mi="0" ci="6" mb="1" cb="3"/><line nr="43" mi="0" ci="4" mb="0" cb="0"/><line nr="44" mi="0" ci="1" mb="0" cb="0"/><line nr="47" mi="0" ci="4" mb="0" cb="0"/><line nr="48" mi="0" ci="14" mb="0" cb="0"/><line nr="49" mi="0" ci="2" mb="0" cb="0"/><line nr="50" mi="0" ci="10" mb="0" cb="0"/><line nr="51" mi="0" ci="2" mb="0" cb="0"/><line nr="52" mi="0" ci="16" mb="0" cb="0"/><line nr="53" mi="0" ci="2" mb="0" cb="0"/><line nr="55" mi="0" ci="4" mb="0" cb="0"/><line nr="56" mi="3" ci="0" mb="0" cb="0"/><line nr="57" mi="0" ci="1" mb="0" cb="0"/><line nr="58" mi="0" ci="1" mb="0" cb="0"/><line nr="59" mi="1" ci="0" mb="0" cb="0"/><line nr="60" mi="1" ci="0" mb="0" cb="0"/><line nr="62" mi="0" ci="1" mb="0" cb="0"/><counter type="INSTRUCTION" missed="5" covered="106"/><counter type="BRANCH" missed="1" covered="3"/><counter type="LINE" missed="3" covered="26"/><counter type="COMPLEXITY" missed="1" covered="6"/><counter type="METHOD" missed="0" covered="5"/><counter type="CLASS" missed="0" covered="1"/></sourcefile><counter type="INSTRUCTION" missed="5" covered="106"/><counter type="BRANCH" missed="1" covered="3"/><counter type="LINE" missed="3" covered="26"/><counter type="COMPLEXITY" missed="1" covered="6"/><counter type="METHOD" missed="0" covered="5"/><counter type="CLASS" missed="0" covered="1"/></package><package name="tourGuide/helper"><class name="tourGuide/helper/InternalTestHelper" sourcefilename="InternalTestHelper.java"><method name="&lt;init&gt;" desc="()V" line="3"><counter type="INSTRUCTION" missed="3" covered="0"/><counter type="LINE" missed="1" covered="0"/><counter type="COMPLEXITY" missed="1" covered="0"/><counter type="METHOD" missed="1" covered="0"/></method><method name="setInternalUserNumber" desc="(I)V" line="9"><counter type="INSTRUCTION" missed="0" covered="3"/><counter type="LINE" missed="0" covered="2"/><counter type="COMPLEXITY" missed="0" covered="1"/><counter type="METHOD" missed="0" covered="1"/></method><method name="getInternalUserNumber" desc="()I" line="13"><counter type="INSTRUCTION" missed="0" covered="2"/><counter type="LINE" missed="0" covered="1"/><counter type="COMPLEXITY" missed="0" covered="1"/><counter type="METHOD" missed="0" covered="1"/></method><method name="&lt;clinit&gt;" desc="()V" line="6"><counter type="INSTRUCTION" missed="0" covered="3"/><counter type="LINE" missed="0" covered="1"/><counter type="COMPLEXITY" missed="0" covered="1"/><counter type="METHOD" missed="0" covered="1"/></method><counter type="INSTRUCTION" missed="3" covered="8"/><counter type="LINE" missed="1" covered="4"/><counter type="COMPLEXITY" missed="1" covered="3"/><counter type="METHOD" missed="1" covered="3"/><counter type="CLASS" missed="0" covered="1"/></class><sourcefile name="InternalTestHelper.java"><line nr="3" mi="3" ci="0" mb="0" cb="0"/><line nr="6" mi="0" ci="3" mb="0" cb="0"/><line nr="9" mi="0" ci="2" mb="0" cb="0"/><line nr="10" mi="0" ci="1" mb="0" cb="0"/><line nr="13" mi="0" ci="2" mb="0" cb="0"/><counter type="INSTRUCTION" missed="3" covered="8"/><counter type="LINE" missed="1" covered="4"/><counter type="COMPLEXITY" missed="1" covered="3"/><counter type="METHOD" missed="1" covered="3"/><counter type="CLASS" missed="0" covered="1"/></sourcefile><counter type="INSTRUCTION" missed="3" covered="8"/><counter type="LINE" missed="1" covered="4"/><counter type="COMPLEXITY" missed="1" covered="3"/><counter type="METHOD" missed="1" covered="3"/><counter type="CLASS" missed="0" covered="1"/></package><package name="tourGuide/service"><class name="tourGuide/service/RewardsService" sourcefilename="RewardsService.java"><method name="&lt;init&gt;" desc="(LgpsUtil/GpsUtil;LrewardCentral/RewardCentral;)V" line="21"><counter type="INSTRUCTION" missed="0" covered="23"/><counter type="LINE" missed="0" covered="8"/><counter type="COMPLEXITY" missed="0" covered="1"/><counter type="METHOD" missed="0" covered="1"/></method><method name="setProximityBuffer" desc="(I)V" line="36"><counter type="INSTRUCTION" missed="4" covered="0"/><counter type="LINE" missed="2" covered="0"/><counter type="COMPLEXITY" missed="1" covered="0"/><counter type="METHOD" missed="1" covered="0"/></method><method name="setDefaultProximityBuffer" desc="()V" line="40"><counter type="INSTRUCTION" missed="5" covered="0"/><counter type="LINE" missed="2" covered="0"/><counter type="COMPLEXITY" missed="1" covered="0"/><counter type="METHOD" missed="1" covered="0"/></method><method name="calculateRewards" desc="(LtourGuide/user/User;)V" line="47"><counter type="INSTRUCTION" missed="11" covered="51"/><counter type="BRANCH" missed="2" covered="6"/><counter type="LINE" missed="1" covered="10"/><counter type="COMPLEXITY" missed="2" covered="3"/><counter type="METHOD" missed="0" covered="1"/></method><method name="isWithinAttractionProximity" desc="(LgpsUtil/location/Attraction;LgpsUtil/location/Location;)Z" line="66"><counter type="INSTRUCTION" missed="13" covered="0"/><counter type="BRANCH" missed="2" covered="0"/><counter type="LINE" missed="1" covered="0"/><counter type="COMPLEXITY" missed="2" covered="0"/><counter type="METHOD" missed="1" covered="0"/></method><method name="nearAttraction" desc="(LgpsUtil/location/VisitedLocation;LgpsUtil/location/Attraction;)Z" line="72"><counter type="INSTRUCTION" missed="1" covered="13"/><counter type="BRANCH" missed="1" covered="1"/><counter type="LINE" missed="0" covered="1"/><counter type="COMPLEXITY" missed="1" covered="1"/><counter type="METHOD" missed="0" covered="1"/></method><method name="getRewardPoints" desc="(LgpsUtil/location/Attraction;LtourGuide/user/User;)I" line="77"><counter type="INSTRUCTION" missed="8" covered="0"/><counter type="LINE" missed="1" covered="0"/><counter type="COMPLEXITY" missed="1" covered="0"/><counter type="METHOD" missed="1" covered="0"/></method><method name="getDistance" desc="(LgpsUtil/location/Location;LgpsUtil/location/Location;)D" line="81"><counter type="INSTRUCTION" missed="0" covered="45"/><counter type="LINE" missed="0" covered="9"/><counter type="COMPLEXITY" missed="0" covered="1"/><counter type="METHOD" missed="0" covered="1"/></method><method name="lambda$calculateRewards$0" desc="(LgpsUtil/location/Attraction;LtourGuide/user/UserReward;)Z" line="54"><counter type="INSTRUCTION" missed="7" covered="0"/><counter type="LINE" missed="1" covered="0"/><counter type="COMPLEXITY" missed="1" covered="0"/><counter type="METHOD" missed="1" covered="0"/></method><counter type="INSTRUCTION" missed="49" covered="132"/><counter type="BRANCH" missed="5" covered="7"/><counter type="LINE" missed="7" covered="28"/><counter type="COMPLEXITY" missed="9" covered="6"/><counter type="METHOD" missed="5" covered="4"/><counter type="CLASS" missed="0" covered="1"/></class><class name="tourGuide/service/TourGuideService$1" sourcefilename="TourGuideService.java"><method name="&lt;init&gt;" desc="(LtourGuide/service/TourGuideService;)V" line="153"><counter type="INSTRUCTION" missed="0" covered="6"/><counter type="LINE" missed="0" covered="1"/><counter type="COMPLEXITY" missed="0" covered="1"/><counter type="METHOD" missed="0" covered="1"/></method><method name="run" desc="()V" line="155"><counter type="INSTRUCTION" missed="0" covered="5"/><counter type="LINE" missed="0" covered="2"/><counter type="COMPLEXITY" missed="0" covered="1"/><counter type="METHOD" missed="0" covered="1"/></method><counter type="INSTRUCTION" missed="0" covered="11"/><counter type="LINE" missed="0" covered="3"/><counter type="COMPLEXITY" missed="0" covered="2"/><counter type="METHOD" missed="0" covered="2"/><counter type="CLASS" missed="0" covered="1"/></class><class name="tourGuide/service/TourGuideService" sourcefilename="TourGuideService.java"><method name="&lt;init&gt;" desc="(LgpsUtil/GpsUtil;LtourGuide/service/RewardsService;)V" line="28"><counter type="INSTRUCTION" missed="0" covered="56"/><counter type="BRANCH" missed="1" covered="1"/><counter type="LINE" missed="0" covered="16"/><counter type="COMPLEXITY" missed="1" covered="1"/><counter type="METHOD" missed="0" covered="1"/></method><method name="getUserRewards" desc="(LtourGuide/user/User;)Ljava/util/List;" line="52"><counter type="INSTRUCTION" missed="3" covered="0"/><counter type="LINE" missed="1" covered="0"/><counter type="COMPLEXITY" missed="1" covered="0"/><counter type="METHOD" missed="1" covered="0"/></method><method name="getUserLocation" desc="(LtourGuide/user/User;)LgpsUtil/location/VisitedLocation;" line="56"><counter type="INSTRUCTION" missed="13" covered="0"/><counter type="BRANCH" missed="2" covered="0"/><counter type="LINE" missed="4" covered="0"/><counter type="COMPLEXITY" missed="2" covered="0"/><counter type="METHOD" missed="1" covered="0"/></method><method name="getUser" desc="(Ljava/lang/String;)LtourGuide/user/User;" line="63"><counter type="INSTRUCTION" missed="6" covered="0"/><counter type="LINE" missed="1" covered="0"/><counter type="COMPLEXITY" missed="1" covered="0"/><counter type="METHOD" missed="1" covered="0"/></method><method name="getAllUsers" desc="()Ljava/util/List;" line="67"><counter type="INSTRUCTION" missed="0" covered="8"/><counter type="LINE" missed="0" covered="1"/><counter type="COMPLEXITY" missed="0" covered="1"/><counter type="METHOD" missed="0" covered="1"/></method><method name="addUser" desc="(LtourGuide/user/User;)V" line="71"><counter type="INSTRUCTION" missed="14" covered="0"/><counter type="BRANCH" missed="2" covered="0"/><counter type="LINE" missed="3" covered="0"/><counter type="COMPLEXITY" missed="2" covered="0"/><counter type="METHOD" missed="1" covered="0"/></method><method name="getTripDeals" desc="(LtourGuide/user/User;)Ljava/util/List;" line="78"><counter type="INSTRUCTION" missed="29" covered="0"/><counter type="LINE" missed="5" covered="0"/><counter type="COMPLEXITY" missed="1" covered="0"/><counter type="METHOD" missed="1" covered="0"/></method><method name="trackUserLocation" desc="(LtourGuide/user/User;)LgpsUtil/location/VisitedLocation;" line="86"><counter type="INSTRUCTION" missed="0" covered="15"/><counter type="LINE" missed="0" covered="4"/><counter type="COMPLEXITY" missed="0" covered="1"/><counter type="METHOD" missed="0" covered="1"/></method><method name="getNearByAttractions" desc="(LgpsUtil/location/VisitedLocation;)Ljava/util/List;" line="109"><counter type="INSTRUCTION" missed="0" covered="58"/><counter type="BRANCH" missed="1" covered="5"/><counter type="LINE" missed="0" covered="12"/><counter type="COMPLEXITY" missed="1" covered="3"/><counter type="METHOD" missed="0" covered="1"/></method><method name="getNearestFiveAttractions" desc="(LgpsUtil/location/VisitedLocation;)Ljava/util/List;" line="131"><counter type="INSTRUCTION" missed="0" covered="68"/><counter type="BRANCH" missed="0" covered="2"/><counter type="LINE" missed="0" covered="14"/><counter type="COMPLEXITY" missed="0" covered="2"/><counter type="METHOD" missed="0" covered="1"/></method><method name="addShutDownHook" desc="()V" line="153"><counter type="INSTRUCTION" missed="0" covered="7"/><counter type="LINE" missed="0" covered="2"/><counter type="COMPLEXITY" missed="0" covered="1"/><counter type="METHOD" missed="0" covered="1"/></method><method name="initializeInternalUsers" desc="()V" line="170"><counter type="INSTRUCTION" missed="0" covered="20"/><counter type="LINE" missed="0" covered="3"/><counter type="COMPLEXITY" missed="0" covered="1"/><counter type="METHOD" missed="0" covered="1"/></method><method name="generateUserLocationHistory" desc="(LtourGuide/user/User;)V" line="183"><counter type="INSTRUCTION" missed="8" covered="0"/><counter type="LINE" missed="2" covered="0"/><counter type="COMPLEXITY" missed="1" covered="0"/><counter type="METHOD" missed="1" covered="0"/></method><method name="generateRandomLongitude" desc="()D" line="189"><counter type="INSTRUCTION" missed="15" covered="0"/><counter type="LINE" missed="3" covered="0"/><counter type="COMPLEXITY" missed="1" covered="0"/><counter type="METHOD" missed="1" covered="0"/></method><method name="generateRandomLatitude" desc="()D" line="195"><counter type="INSTRUCTION" missed="15" covered="0"/><counter type="LINE" missed="3" covered="0"/><counter type="COMPLEXITY" missed="1" covered="0"/><counter type="METHOD" missed="1" covered="0"/></method><method name="getRandomTime" desc="()Ljava/util/Date;" line="201"><counter type="INSTRUCTION" missed="14" covered="0"/><counter type="LINE" missed="2" covered="0"/><counter type="COMPLEXITY" missed="1" covered="0"/><counter type="METHOD" missed="1" covered="0"/></method><method name="lambda$generateUserLocationHistory$2" desc="(LtourGuide/user/User;I)V" line="184"><counter type="INSTRUCTION" missed="17" covered="0"/><counter type="LINE" missed="2" covered="0"/><counter type="COMPLEXITY" missed="1" covered="0"/><counter type="METHOD" missed="1" covered="0"/></method><method name="lambda$initializeInternalUsers$1" desc="(I)V" line="171"><counter type="INSTRUCTION" missed="38" covered="0"/><counter type="LINE" missed="7" covered="0"/><counter type="COMPLEXITY" missed="1" covered="0"/><counter type="METHOD" missed="1" covered="0"/></method><method name="lambda$getTripDeals$0" desc="(LtourGuide/user/UserReward;)I" line="78"><counter type="INSTRUCTION" missed="3" covered="0"/><counter type="LINE" missed="1" covered="0"/><counter type="COMPLEXITY" missed="1" covered="0"/><counter type="METHOD" missed="1" covered="0"/></method><counter type="INSTRUCTION" missed="175" covered="232"/><counter type="BRANCH" missed="6" covered="8"/><counter type="LINE" missed="33" covered="52"/><counter type="COMPLEXITY" missed="16" covered="10"/><counter type="METHOD" missed="12" covered="7"/><counter type="CLASS" missed="0" covered="1"/></class><sourcefile name="RewardsService.java"><line nr="21" mi="0" ci="3" mb="0" cb="0"/><line nr="22" mi="0" ci="4" mb="0" cb="0"/><line nr="23" mi="0" ci="3" mb="0" cb="0"/><line nr="29" mi="0" ci="2" mb="0" cb="0"/><line nr="30" mi="0" ci="3" mb="0" cb="0"/><line nr="31" mi="0" ci="3" mb="0" cb="0"/><line nr="32" mi="0" ci="4" mb="0" cb="0"/><line nr="33" mi="0" ci="1" mb="0" cb="0"/><line nr="36" mi="3" ci="0" mb="0" cb="0"/><line nr="37" mi="1" ci="0" mb="0" cb="0"/><line nr="40" mi="4" ci="0" mb="0" cb="0"/><line nr="41" mi="1" ci="0" mb="0" cb="0"/><line nr="47" mi="0" ci="4" mb="0" cb="0"/><line nr="48" mi="0" ci="5" mb="0" cb="0"/><line nr="50" mi="0" ci="4" mb="0" cb="0"/><line nr="52" mi="0" ci="10" mb="0" cb="2"/><line nr="53" mi="0" ci="10" mb="0" cb="2"/><line nr="54" mi="7" ci="10" mb="1" cb="1"/><line nr="55" mi="0" ci="5" mb="1" cb="1"/><line nr="56" mi="11" ci="0" mb="0" cb="0"/><line nr="59" mi="0" ci="1" mb="0" cb="0"/><line nr="60" mi="0" ci="1" mb="0" cb="0"/><line nr="62" mi="0" ci="1" mb="0" cb="0"/><line nr="66" mi="13" ci="0" mb="2" cb="0"/><line nr="72" mi="1" ci="13" mb="1" cb="1"/><line nr="77" mi="8" ci="0" mb="0" cb="0"/><line nr="81" mi="0" ci="4" mb="0" cb="0"/><line nr="82" mi="0" ci="4" mb="0" cb="0"/><line nr="83" mi="0" ci="4" mb="0" cb="0"/><line nr="84" mi="0" ci="4" mb="0" cb="0"/><line nr="86" mi="0" ci="8" mb="0" cb="0"/><line nr="87" mi="0" ci="10" mb="0" cb="0"/><line nr="89" mi="0" ci="5" mb="0" cb="0"/><line nr="90" mi="0" ci="4" mb="0" cb="0"/><line nr="91" mi="0" ci="2" mb="0" cb="0"/><counter type="INSTRUCTION" missed="49" covered="132"/><counter type="BRANCH" missed="5" covered="7"/><counter type="LINE" missed="7" covered="28"/><counter type="COMPLEXITY" missed="9" covered="6"/><counter type="METHOD" missed="5" covered="4"/><counter type="CLASS" missed="0" covered="1"/></sourcefile><sourcefile name="TourGuideService.java"><line nr="28" mi="0" ci="4" mb="0" cb="0"/><line nr="31" mi="0" ci="5" mb="0" cb="0"/><line nr="34" mi="0" ci="3" mb="0" cb="0"/><line nr="36" mi="0" ci="2" mb="0" cb="0"/><line nr="37" mi="0" ci="3" mb="0" cb="0"/><line nr="38" mi="0" ci="3" mb="0" cb="0"/><line nr="39" mi="0" ci="5" mb="0" cb="0"/><line nr="41" mi="0" ci="3" mb="1" cb="1"/><line nr="42" mi="0" ci="4" mb="0" cb="0"/><line nr="43" mi="0" ci="4" mb="0" cb="0"/><line nr="44" mi="0" ci="2" mb="0" cb="0"/><line nr="45" mi="0" ci="4" mb="0" cb="0"/><line nr="47" mi="0" ci="6" mb="0" cb="0"/><line nr="48" mi="0" ci="2" mb="0" cb="0"/><line nr="49" mi="0" ci="1" mb="0" cb="0"/><line nr="52" mi="3" ci="0" mb="0" cb="0"/><line nr="56" mi="5" ci="0" mb="2" cb="0"/><line nr="57" mi="4" ci="0" mb="0" cb="0"/><line nr="58" mi="2" ci="0" mb="0" cb="0"/><line nr="59" mi="2" ci="0" mb="0" cb="0"/><line nr="63" mi="6" ci="0" mb="0" cb="0"/><line nr="67" mi="0" ci="8" mb="0" cb="0"/><line nr="71" mi="6" ci="0" mb="2" cb="0"/><line nr="72" mi="7" ci="0" mb="0" cb="0"/><line nr="74" mi="1" ci="0" mb="0" cb="0"/><line nr="78" mi="10" ci="0" mb="0" cb="0"/><line nr="79" mi="11" ci="0" mb="0" cb="0"/><line nr="80" mi="6" ci="0" mb="0" cb="0"/><line nr="81" mi="3" ci="0" mb="0" cb="0"/><line nr="82" mi="2" ci="0" mb="0" cb="0"/><line nr="86" mi="0" ci="6" mb="0" cb="0"/><line nr="87" mi="0" ci="3" mb="0" cb="0"/><line nr="88" mi="0" ci="4" mb="0" cb="0"/><line nr="89" mi="0" ci="2" mb="0" cb="0"/><line nr="109" mi="0" ci="4" mb="0" cb="0"/><line nr="110" mi="0" ci="4" mb="0" cb="0"/><line nr="112" mi="0" ci="12" mb="0" cb="2"/><line nr="113" mi="0" ci="7" mb="0" cb="0"/><line nr="114" mi="0" ci="6" mb="0" cb="0"/><line nr="115" mi="0" ci="1" mb="0" cb="0"/><line nr="117" mi="0" ci="11" mb="1" cb="1"/><line nr="118" mi="0" ci="5" mb="0" cb="0"/><line nr="119" mi="0" ci="4" mb="0" cb="2"/><line nr="120" mi="0" ci="1" mb="0" cb="0"/><line nr="122" mi="0" ci="1" mb="0" cb="0"/><line nr="124" mi="0" ci="2" mb="0" cb="0"/><line nr="131" mi="0" ci="4" mb="0" cb="0"/><line nr="133" mi="0" ci="4" mb="0" cb="0"/><line nr="135" mi="0" ci="10" mb="0" cb="2"/><line nr="136" mi="0" ci="4" mb="0" cb="0"/><line nr="137" mi="0" ci="4" mb="0" cb="0"/><line nr="138" mi="0" ci="4" mb="0" cb="0"/><line nr="139" mi="0" ci="4" mb="0" cb="0"/><line nr="140" mi="0" ci="5" mb="0" cb="0"/><line nr="141" mi="0" ci="5" mb="0" cb="0"/><line nr="142" mi="0" ci="8" mb="0" cb="0"/><line nr="143" mi="0" ci="9" mb="0" cb="0"/><line nr="145" mi="0" ci="4" mb="0" cb="0"/><line nr="146" mi="0" ci="1" mb="0" cb="0"/><line nr="148" mi="0" ci="2" mb="0" cb="0"/><line nr="153" mi="0" ci="12" mb="0" cb="0"/><line nr="155" mi="0" ci="4" mb="0" cb="0"/><line nr="156" mi="0" ci="1" mb="0" cb="0"/><line nr="158" mi="0" ci="1" mb="0" cb="0"/><line nr="167" mi="0" ci="5" mb="0" cb="0"/><line nr="170" mi="0" ci="6" mb="0" cb="0"/><line nr="171" mi="9" ci="0" mb="0" cb="0"/><line nr="172" mi="2" ci="0" mb="0" cb="0"/><line nr="173" mi="9" ci="0" mb="0" cb="0"/><line nr="174" mi="8" ci="0" mb="0" cb="0"/><line nr="175" mi="3" ci="0" mb="0" cb="0"/><line nr="177" mi="6" ci="0" mb="0" cb="0"/><line nr="178" mi="1" ci="0" mb="0" cb="0"/><line nr="179" mi="0" ci="13" mb="0" cb="0"/><line nr="180" mi="0" ci="1" mb="0" cb="0"/><line nr="183" mi="7" ci="0" mb="0" cb="0"/><line nr="184" mi="16" ci="0" mb="0" cb="0"/><line nr="185" mi="1" ci="0" mb="0" cb="0"/><line nr="186" mi="1" ci="0" mb="0" cb="0"/><line nr="189" mi="2" ci="0" mb="0" cb="0"/><line nr="190" mi="2" ci="0" mb="0" cb="0"/><line nr="191" mi="11" ci="0" mb="0" cb="0"/><line nr="195" mi="2" ci="0" mb="0" cb="0"/><line nr="196" mi="2" ci="0" mb="0" cb="0"/><line nr="197" mi="11" ci="0" mb="0" cb="0"/><line nr="201" mi="9" ci="0" mb="0" cb="0"/><line nr="202" mi="5" ci="0" mb="0" cb="0"/><counter type="INSTRUCTION" missed="175" covered="243"/><counter type="BRANCH" missed="6" covered="8"/><counter type="LINE" missed="33" covered="54"/><counter type="COMPLEXITY" missed="16" covered="12"/><counter type="METHOD" missed="12" covered="9"/><counter type="CLASS" missed="0" covered="2"/></sourcefile><counter type="INSTRUCTION" missed="224" covered="375"/><counter type="BRANCH" missed="11" covered="15"/><counter type="LINE" missed="40" covered="82"/><counter type="COMPLEXITY" missed="25" covered="18"/><counter type="METHOD" missed="17" covered="13"/><counter type="CLASS" missed="0" covered="3"/></package><package name="model"><class name="model/TouristsAttractionDTO" sourcefilename="TouristsAttractionDTO.java"><method name="&lt;init&gt;" desc="()V" line="12"><counter type="INSTRUCTION" missed="0" covered="3"/><counter type="LINE" missed="0" covered="2"/><counter type="COMPLEXITY" missed="0" covered="1"/><counter type="METHOD" missed="0" covered="1"/></method><method name="&lt;init&gt;" desc="(Ljava/lang/String;DDDDDI)V" line="18"><counter type="INSTRUCTION" missed="24" covered="0"/><counter type="LINE" missed="9" covered="0"/><counter type="COMPLEXITY" missed="1" covered="0"/><counter type="METHOD" missed="1" covered="0"/></method><method name="getAttractionName" desc="()Ljava/lang/String;" line="29"><counter type="INSTRUCTION" missed="0" covered="3"/><counter type="LINE" missed="0" covered="1"/><counter type="COMPLEXITY" missed="0" covered="1"/><counter type="METHOD" missed="0" covered="1"/></method><method name="setAttractionName" desc="(Ljava/lang/String;)V" line="33"><counter type="INSTRUCTION" missed="0" covered="4"/><counter type="LINE" missed="0" covered="2"/><counter type="COMPLEXITY" missed="0" covered="1"/><counter type="METHOD" missed="0" covered="1"/></method><method name="getAttractionLong" desc="()D" line="37"><counter type="INSTRUCTION" missed="3" covered="0"/><counter type="LINE" missed="1" covered="0"/><counter type="COMPLEXITY" missed="1" covered="0"/><counter type="METHOD" missed="1" covered="0"/></method><method name="setAttractionLong" desc="(D)V" line="41"><counter type="INSTRUCTION" missed="0" covered="4"/><counter type="LINE" missed="0" covered="2"/><counter type="COMPLEXITY" missed="0" covered="1"/><counter type="METHOD" missed="0" covered="1"/></method><method name="getAttractionLat" desc="()D" line="45"><counter type="INSTRUCTION" missed="3" covered="0"/><counter type="LINE" missed="1" covered="0"/><counter type="COMPLEXITY" missed="1" covered="0"/><counter type="METHOD" missed="1" covered="0"/></method><method name="setAttractionLat" desc="(D)V" line="49"><counter type="INSTRUCTION" missed="0" covered="4"/><counter type="LINE" missed="0" covered="2"/><counter type="COMPLEXITY" missed="0" covered="1"/><counter type="METHOD" missed="0" covered="1"/></method><method name="getUserLocationLong" desc="()D" line="53"><counter type="INSTRUCTION" missed="3" covered="0"/><counter type="LINE" missed="1" covered="0"/><counter type="COMPLEXITY" missed="1" covered="0"/><counter type="METHOD" missed="1" covered="0"/></method><method name="setUserLocationLong" desc="(D)V" line="57"><counter type="INSTRUCTION" missed="0" covered="4"/><counter type="LINE" missed="0" covered="2"/><counter type="COMPLEXITY" missed="0" covered="1"/><counter type="METHOD" missed="0" covered="1"/></method><method name="getUserLocationLat" desc="()D" line="61"><counter type="INSTRUCTION" missed="3" covered="0"/><counter type="LINE" missed="1" covered="0"/><counter type="COMPLEXITY" missed="1" covered="0"/><counter type="METHOD" missed="1" covered="0"/></method><method name="setUserLocationLat" desc="(D)V" line="65"><counter type="INSTRUCTION" missed="0" covered="4"/><counter type="LINE" missed="0" covered="2"/><counter type="COMPLEXITY" missed="0" covered="1"/><counter type="METHOD" missed="0" covered="1"/></method><method name="getDistanceBetweenLocationAndAttraction" desc="()D" line="69"><counter type="INSTRUCTION" missed="3" covered="0"/><counter type="LINE" missed="1" covered="0"/><counter type="COMPLEXITY" missed="1" covered="0"/><counter type="METHOD" missed="1" covered="0"/></method><method name="setDistanceBetweenLocationAndAttraction" desc="(D)V" line="73"><counter type="INSTRUCTION" missed="0" covered="4"/><counter type="LINE" missed="0" covered="2"/><counter type="COMPLEXITY" missed="0" covered="1"/><counter type="METHOD" missed="0" covered="1"/></method><method name="getRewardPoint" desc="()I" line="77"><counter type="INSTRUCTION" missed="0" covered="3"/><counter type="LINE" missed="0" covered="1"/><counter type="COMPLEXITY" missed="0" covered="1"/><counter type="METHOD" missed="0" covered="1"/></method><method name="setRewardPoint" desc="(I)V" line="81"><counter type="INSTRUCTION" missed="0" covered="4"/><counter type="LINE" missed="0" covered="2"/><counter type="COMPLEXITY" missed="0" covered="1"/><counter type="METHOD" missed="0" covered="1"/></method><counter type="INSTRUCTION" missed="39" covered="37"/><counter type="LINE" missed="14" covered="18"/><counter type="COMPLEXITY" missed="6" covered="10"/><counter type="METHOD" missed="6" covered="10"/><counter type="CLASS" missed="0" covered="1"/></class><sourcefile name="TouristsAttractionDTO.java"><line nr="12" mi="0" ci="2" mb="0" cb="0"/><line nr="14" mi="0" ci="1" mb="0" cb="0"/><line nr="18" mi="2" ci="0" mb="0" cb="0"/><line nr="19" mi="3" ci="0" mb="0" cb="0"/><line nr="20" mi="3" ci="0" mb="0" cb="0"/><line nr="21" mi="3" ci="0" mb="0" cb="0"/><line nr="22" mi="3" ci="0" mb="0" cb="0"/><line nr="23" mi="3" ci="0" mb="0" cb="0"/><line nr="24" mi="3" ci="0" mb="0" cb="0"/><line nr="25" mi="3" ci="0" mb="0" cb="0"/><line nr="26" mi="1" ci="0" mb="0" cb="0"/><line nr="29" mi="0" ci="3" mb="0" cb="0"/><line nr="33" mi="0" ci="3" mb="0" cb="0"/><line nr="34" mi="0" ci="1" mb="0" cb="0"/><line nr="37" mi="3" ci="0" mb="0" cb="0"/><line nr="41" mi="0" ci="3" mb="0" cb="0"/><line nr="42" mi="0" ci="1" mb="0" cb="0"/><line nr="45" mi="3" ci="0" mb="0" cb="0"/><line nr="49" mi="0" ci="3" mb="0" cb="0"/><line nr="50" mi="0" ci="1" mb="0" cb="0"/><line nr="53" mi="3" ci="0" mb="0" cb="0"/><line nr="57" mi="0" ci="3" mb="0" cb="0"/><line nr="58" mi="0" ci="1" mb="0" cb="0"/><line nr="61" mi="3" ci="0" mb="0" cb="0"/><line nr="65" mi="0" ci="3" mb="0" cb="0"/><line nr="66" mi="0" ci="1" mb="0" cb="0"/><line nr="69" mi="3" ci="0" mb="0" cb="0"/><line nr="73" mi="0" ci="3" mb="0" cb="0"/><line nr="74" mi="0" ci="1" mb="0" cb="0"/><line nr="77" mi="0" ci="3" mb="0" cb="0"/><line nr="81" mi="0" ci="3" mb="0" cb="0"/><line nr="82" mi="0" ci="1" mb="0" cb="0"/><counter type="INSTRUCTION" missed="39" covered="37"/><counter type="LINE" missed="14" covered="18"/><counter type="COMPLEXITY" missed="6" covered="10"/><counter type="METHOD" missed="6" covered="10"/><counter type="CLASS" missed="0" covered="1"/></sourcefile><counter type="INSTRUCTION" missed="39" covered="37"/><counter type="LINE" missed="14" covered="18"/><counter type="COMPLEXITY" missed="6" covered="10"/><counter type="METHOD" missed="6" covered="10"/><counter type="CLASS" missed="0" covered="1"/></package><package name="tourGuide/user"><class name="tourGuide/user/User" sourcefilename="User.java"><method name="&lt;init&gt;" desc="(Ljava/util/UUID;Ljava/lang/String;Ljava/lang/String;Ljava/lang/String;)V" line="17"><counter type="INSTRUCTION" missed="0" covered="35"/><counter type="LINE" missed="0" covered="10"/><counter type="COMPLEXITY" missed="0" covered="1"/><counter type="METHOD" missed="0" covered="1"/></method><method name="getUserId" desc="()Ljava/util/UUID;" line="32"><counter type="INSTRUCTION" missed="0" covered="3"/><counter type="LINE" missed="0" covered="1"/><counter type="COMPLEXITY" missed="0" covered="1"/><counter type="METHOD" missed="0" covered="1"/></method><method name="getUserName" desc="()Ljava/lang/String;" line="36"><counter type="INSTRUCTION" missed="3" covered="0"/><counter type="LINE" missed="1" covered="0"/><counter type="COMPLEXITY" missed="1" covered="0"/><counter type="METHOD" missed="1" covered="0"/></method><method name="setPhoneNumber" desc="(Ljava/lang/String;)V" line="40"><counter type="INSTRUCTION" missed="4" covered="0"/><counter type="LINE" missed="2" covered="0"/><counter type="COMPLEXITY" missed="1" covered="0"/><counter type="METHOD" missed="1" covered="0"/></method><method name="getPhoneNumber" desc="()Ljava/lang/String;" line="44"><counter type="INSTRUCTION" missed="3" covered="0"/><counter type="LINE" missed="1" covered="0"/><counter type="COMPLEXITY" missed="1" covered="0"/><counter type="METHOD" missed="1" covered="0"/></method><method name="setEmailAddress" desc="(Ljava/lang/String;)V" line="48"><counter type="INSTRUCTION" missed="4" covered="0"/><counter type="LINE" missed="2" covered="0"/><counter type="COMPLEXITY" missed="1" covered="0"/><counter type="METHOD" missed="1" covered="0"/></method><method name="getEmailAddress" desc="()Ljava/lang/String;" line="52"><counter type="INSTRUCTION" missed="3" covered="0"/><counter type="LINE" missed="1" covered="0"/><counter type="COMPLEXITY" missed="1" covered="0"/><counter type="METHOD" missed="1" covered="0"/></method><method name="setLatestLocationTimestamp" desc="(Ljava/util/Date;)V" line="56"><counter type="INSTRUCTION" missed="4" covered="0"/><counter type="LINE" missed="2" covered="0"/><counter type="COMPLEXITY" missed="1" covered="0"/><counter type="METHOD" missed="1" covered="0"/></method><method name="getLatestLocationTimestamp" desc="()Ljava/util/Date;" line="60"><counter type="INSTRUCTION" missed="3" covered="0"/><counter type="LINE" missed="1" covered="0"/><counter type="COMPLEXITY" missed="1" covered="0"/><counter type="METHOD" missed="1" covered="0"/></method><method name="addToVisitedLocations" desc="(LgpsUtil/location/VisitedLocation;)V" line="64"><counter type="INSTRUCTION" missed="0" covered="6"/><counter type="LINE" missed="0" covered="2"/><counter type="COMPLEXITY" missed="0" covered="1"/><counter type="METHOD" missed="0" covered="1"/></method><method name="getVisitedLocations" desc="()Ljava/util/List;" line="68"><counter type="INSTRUCTION" missed="0" covered="3"/><counter type="LINE" missed="0" covered="1"/><counter type="COMPLEXITY" missed="0" covered="1"/><counter type="METHOD" missed="0" covered="1"/></method><method name="clearVisitedLocations" desc="()V" line="72"><counter type="INSTRUCTION" missed="4" covered="0"/><counter type="LINE" missed="2" covered="0"/><counter type="COMPLEXITY" missed="1" covered="0"/><counter type="METHOD" missed="1" covered="0"/></method><method name="addUserReward" desc="(LtourGuide/user/UserReward;)V" line="80"><counter type="INSTRUCTION" missed="16" covered="0"/><counter type="BRANCH" missed="2" covered="0"/><counter type="LINE" missed="3" covered="0"/><counter type="COMPLEXITY" missed="2" covered="0"/><counter type="METHOD" missed="1" covered="0"/></method><method name="getUserRewards" desc="()Ljava/util/List;" line="87"><counter type="INSTRUCTION" missed="0" covered="3"/><counter type="LINE" missed="0" covered="1"/><counter type="COMPLEXITY" missed="0" covered="1"/><counter type="METHOD" missed="0" covered="1"/></method><method name="getUserPreferences" desc="()LtourGuide/user/UserPreferences;" line="91"><counter type="INSTRUCTION" missed="3" covered="0"/><counter type="LINE" missed="1" covered="0"/><counter type="COMPLEXITY" missed="1" covered="0"/><counter type="METHOD" missed="1" covered="0"/></method><method name="setUserPreferences" desc="(LtourGuide/user/UserPreferences;)V" line="95"><counter type="INSTRUCTION" missed="4" covered="0"/><counter type="LINE" missed="2" covered="0"/><counter type="COMPLEXITY" missed="1" covered="0"/><counter type="METHOD" missed="1" covered="0"/></method><method name="getLastVisitedLocation" desc="()LgpsUtil/location/VisitedLocation;" line="99"><counter type="INSTRUCTION" missed="10" covered="0"/><counter type="LINE" missed="1" covered="0"/><counter type="COMPLEXITY" missed="1" covered="0"/><counter type="METHOD" missed="1" covered="0"/></method><method name="setTripDeals" desc="(Ljava/util/List;)V" line="103"><counter type="INSTRUCTION" missed="4" covered="0"/><counter type="LINE" missed="2" covered="0"/><counter type="COMPLEXITY" missed="1" covered="0"/><counter type="METHOD" missed="1" covered="0"/></method><method name="getTripDeals" desc="()Ljava/util/List;" line="107"><counter type="INSTRUCTION" missed="3" covered="0"/><counter type="LINE" missed="1" covered="0"/><counter type="COMPLEXITY" missed="1" covered="0"/><counter type="METHOD" missed="1" covered="0"/></method><method name="lambda$addUserReward$0" desc="(LtourGuide/user/UserReward;LtourGuide/user/UserReward;)Z" line="80"><counter type="INSTRUCTION" missed="8" covered="0"/><counter type="LINE" missed="1" covered="0"/><counter type="COMPLEXITY" missed="1" covered="0"/><counter type="METHOD" missed="1" covered="0"/></method><counter type="INSTRUCTION" missed="76" covered="50"/><counter type="BRANCH" missed="2" covered="0"/><counter type="LINE" missed="22" covered="15"/><counter type="COMPLEXITY" missed="16" covered="5"/><counter type="METHOD" missed="15" covered="5"/><counter type="CLASS" missed="0" covered="1"/></class><class name="tourGuide/user/UserPreferences" sourcefilename="UserPreferences.java"><method name="&lt;init&gt;" desc="()V" line="11"><counter type="INSTRUCTION" missed="0" covered="38"/><counter type="LINE" missed="0" covered="10"/><counter type="COMPLEXITY" missed="0" covered="1"/><counter type="METHOD" missed="0" covered="1"/></method><method name="setAttractionProximity" desc="(I)V" line="24"><counter type="INSTRUCTION" missed="4" covered="0"/><counter type="LINE" missed="2" covered="0"/><counter type="COMPLEXITY" missed="1" covered="0"/><counter type="METHOD" missed="1" covered="0"/></method><method name="getAttractionProximity" desc="()I" line="28"><counter type="INSTRUCTION" missed="3" covered="0"/><counter type="LINE" missed="1" covered="0"/><counter type="COMPLEXITY" missed="1" covered="0"/><counter type="METHOD" missed="1" covered="0"/></method><method name="getLowerPricePoint" desc="()Lorg/javamoney/moneta/Money;" line="32"><counter type="INSTRUCTION" missed="3" covered="0"/><counter type="LINE" missed="1" covered="0"/><counter type="COMPLEXITY" missed="1" covered="0"/><counter type="METHOD" missed="1" covered="0"/></method><method name="setLowerPricePoint" desc="(Lorg/javamoney/moneta/Money;)V" line="36"><counter type="INSTRUCTION" missed="4" covered="0"/><counter type="LINE" missed="2" covered="0"/><counter type="COMPLEXITY" missed="1" covered="0"/><counter type="METHOD" missed="1" covered="0"/></method><method name="getHighPricePoint" desc="()Lorg/javamoney/moneta/Money;" line="40"><counter type="INSTRUCTION" missed="3" covered="0"/><counter type="LINE" missed="1" covered="0"/><counter type="COMPLEXITY" missed="1" covered="0"/><counter type="METHOD" missed="1" covered="0"/></method><method name="setHighPricePoint" desc="(Lorg/javamoney/moneta/Money;)V" line="44"><counter type="INSTRUCTION" missed="4" covered="0"/><counter type="LINE" missed="2" covered="0"/><counter type="COMPLEXITY" missed="1" covered="0"/><counter type="METHOD" missed="1" covered="0"/></method><method name="getTripDuration" desc="()I" line="48"><counter type="INSTRUCTION" missed="3" covered="0"/><counter type="LINE" missed="1" covered="0"/><counter type="COMPLEXITY" missed="1" covered="0"/><counter type="METHOD" missed="1" covered="0"/></method><method name="setTripDuration" desc="(I)V" line="52"><counter type="INSTRUCTION" missed="4" covered="0"/><counter type="LINE" missed="2" covered="0"/><counter type="COMPLEXITY" missed="1" covered="0"/><counter type="METHOD" missed="1" covered="0"/></method><method name="getTicketQuantity" desc="()I" line="56"><counter type="INSTRUCTION" missed="3" covered="0"/><counter type="LINE" missed="1" covered="0"/><counter type="COMPLEXITY" missed="1" covered="0"/><counter type="METHOD" missed="1" covered="0"/></method><method name="setTicketQuantity" desc="(I)V" line="60"><counter type="INSTRUCTION" missed="4" covered="0"/><counter type="LINE" missed="2" covered="0"/><counter type="COMPLEXITY" missed="1" covered="0"/><counter type="METHOD" missed="1" covered="0"/></method><method name="getNumberOfAdults" desc="()I" line="64"><counter type="INSTRUCTION" missed="3" covered="0"/><counter type="LINE" missed="1" covered="0"/><counter type="COMPLEXITY" missed="1" covered="0"/><counter type="METHOD" missed="1" covered="0"/></method><method name="setNumberOfAdults" desc="(I)V" line="68"><counter type="INSTRUCTION" missed="4" covered="0"/><counter type="LINE" missed="2" covered="0"/><counter type="COMPLEXITY" missed="1" covered="0"/><counter type="METHOD" missed="1" covered="0"/></method><method name="getNumberOfChildren" desc="()I" line="72"><counter type="INSTRUCTION" missed="3" covered="0"/><counter type="LINE" missed="1" covered="0"/><counter type="COMPLEXITY" missed="1" covered="0"/><counter type="METHOD" missed="1" covered="0"/></method><method name="setNumberOfChildren" desc="(I)V" line="76"><counter type="INSTRUCTION" missed="4" covered="0"/><counter type="LINE" missed="2" covered="0"/><counter type="COMPLEXITY" missed="1" covered="0"/><counter type="METHOD" missed="1" covered="0"/></method><counter type="INSTRUCTION" missed="49" covered="38"/><counter type="LINE" missed="21" covered="10"/><counter type="COMPLEXITY" missed="14" covered="1"/><counter type="METHOD" missed="14" covered="1"/><counter type="CLASS" missed="0" covered="1"/></class><class name="tourGuide/user/UserReward" sourcefilename="UserReward.java"><method name="&lt;init&gt;" desc="(LgpsUtil/location/VisitedLocation;LgpsUtil/location/Attraction;I)V" line="11"><counter type="INSTRUCTION" missed="0" covered="12"/><counter type="LINE" missed="0" covered="5"/><counter type="COMPLEXITY" missed="0" covered="1"/><counter type="METHOD" missed="0" covered="1"/></method><method name="&lt;init&gt;" desc="(LgpsUtil/location/VisitedLocation;LgpsUtil/location/Attraction;)V" line="17"><counter type="INSTRUCTION" missed="9" covered="0"/><counter type="LINE" missed="4" covered="0"/><counter type="COMPLEXITY" missed="1" covered="0"/><counter type="METHOD" missed="1" covered="0"/></method><method name="setRewardPoints" desc="(I)V" line="23"><counter type="INSTRUCTION" missed="4" covered="0"/><counter type="LINE" missed="2" covered="0"/><counter type="COMPLEXITY" missed="1" covered="0"/><counter type="METHOD" missed="1" covered="0"/></method><method name="getRewardPoints" desc="()I" line="27"><counter type="INSTRUCTION" missed="3" covered="0"/><counter type="LINE" missed="1" covered="0"/><counter type="COMPLEXITY" missed="1" covered="0"/><counter type="METHOD" missed="1" covered="0"/></method><counter type="INSTRUCTION" missed="16" covered="12"/><counter type="LINE" missed="7" covered="5"/><counter type="COMPLEXITY" missed="3" covered="1"/><counter type="METHOD" missed="3" covered="1"/><counter type="CLASS" missed="0" covered="1"/></class><sourcefile name="UserPreferences.java"><line nr="11" mi="0" ci="3" mb="0" cb="0"/><line nr="12" mi="0" ci="6" mb="0" cb="0"/><line nr="13" mi="0" ci="7" mb="0" cb="0"/><line nr="14" mi="0" ci="7" mb="0" cb="0"/><line nr="15" mi="0" ci="3" mb="0" cb="0"/><line nr="16" mi="0" ci="3" mb="0" cb="0"/><line nr="17" mi="0" ci="3" mb="0" cb="0"/><line nr="18" mi="0" ci="3" mb="0" cb="0"/><line nr="20" mi="0" ci="2" mb="0" cb="0"/><line nr="21" mi="0" ci="1" mb="0" cb="0"/><line nr="24" mi="3" ci="0" mb="0" cb="0"/><line nr="25" mi="1" ci="0" mb="0" cb="0"/><line nr="28" mi="3" ci="0" mb="0" cb="0"/><line nr="32" mi="3" ci="0" mb="0" cb="0"/><line nr="36" mi="3" ci="0" mb="0" cb="0"/><line nr="37" mi="1" ci="0" mb="0" cb="0"/><line nr="40" mi="3" ci="0" mb="0" cb="0"/><line nr="44" mi="3" ci="0" mb="0" cb="0"/><line nr="45" mi="1" ci="0" mb="0" cb="0"/><line nr="48" mi="3" ci="0" mb="0" cb="0"/><line nr="52" mi="3" ci="0" mb="0" cb="0"/><line nr="53" mi="1" ci="0" mb="0" cb="0"/><line nr="56" mi="3" ci="0" mb="0" cb="0"/><line nr="60" mi="3" ci="0" mb="0" cb="0"/><line nr="61" mi="1" ci="0" mb="0" cb="0"/><line nr="64" mi="3" ci="0" mb="0" cb="0"/><line nr="68" mi="3" ci="0" mb="0" cb="0"/><line nr="69" mi="1" ci="0" mb="0" cb="0"/><line nr="72" mi="3" ci="0" mb="0" cb="0"/><line nr="76" mi="3" ci="0" mb="0" cb="0"/><line nr="77" mi="1" ci="0" mb="0" cb="0"/><counter type="INSTRUCTION" missed="49" covered="38"/><counter type="LINE" missed="21" covered="10"/><counter type="COMPLEXITY" missed="14" covered="1"/><counter type="METHOD" missed="14" covered="1"/><counter type="CLASS" missed="0" covered="1"/></sourcefile><sourcefile name="UserReward.java"><line nr="11" mi="0" ci="2" mb="0" cb="0"/><line nr="12" mi="0" ci="3" mb="0" cb="0"/><line nr="13" mi="0" ci="3" mb="0" cb="0"/><line nr="14" mi="0" ci="3" mb="0" cb="0"/><line nr="15" mi="0" ci="1" mb="0" cb="0"/><line nr="17" mi="2" ci="0" mb="0" cb="0"/><line nr="18" mi="3" ci="0" mb="0" cb="0"/><line nr="19" mi="3" ci="0" mb="0" cb="0"/><line nr="20" mi="1" ci="0" mb="0" cb="0"/><line nr="23" mi="3" ci="0" mb="0" cb="0"/><line nr="24" mi="1" ci="0" mb="0" cb="0"/><line nr="27" mi="3" ci="0" mb="0" cb="0"/><counter type="INSTRUCTION" missed="16" covered="12"/><counter type="LINE" missed="7" covered="5"/><counter type="COMPLEXITY" missed="3" covered="1"/><counter type="METHOD" missed="3" covered="1"/><counter type="CLASS" missed="0" covered="1"/></sourcefile><sourcefile name="User.java"><line nr="17" mi="0" ci="5" mb="0" cb="0"/><line nr="21" mi="0" ci="5" mb="0" cb="0"/><line nr="22" mi="0" ci="5" mb="0" cb="0"/><line nr="23" mi="0" ci="5" mb="0" cb="0"/><line nr="24" mi="0" ci="2" mb="0" cb="0"/><line nr="25" mi="0" ci="3" mb="0" cb="0"/><line nr="26" mi="0" ci="3" mb="0" cb="0"/><line nr="27" mi="0" ci="3" mb="0" cb="0"/><line nr="28" mi="0" ci="3" mb="0" cb="0"/><line nr="29" mi="0" ci="1" mb="0" cb="0"/><line nr="32" mi="0" ci="3" mb="0" cb="0"/><line nr="36" mi="3" ci="0" mb="0" cb="0"/><line nr="40" mi="3" ci="0" mb="0" cb="0"/><line nr="41" mi="1" ci="0" mb="0" cb="0"/><line nr="44" mi="3" ci="0" mb="0" cb="0"/><line nr="48" mi="3" ci="0" mb="0" cb="0"/><line nr="49" mi="1" ci="0" mb="0" cb="0"/><line nr="52" mi="3" ci="0" mb="0" cb="0"/><line nr="56" mi="3" ci="0" mb="0" cb="0"/><line nr="57" mi="1" ci="0" mb="0" cb="0"/><line nr="60" mi="3" ci="0" mb="0" cb="0"/><line nr="64" mi="0" ci="5" mb="0" cb="0"/><line nr="65" mi="0" ci="1" mb="0" cb="0"/><line nr="68" mi="0" ci="3" mb="0" cb="0"/><line nr="72" mi="3" ci="0" mb="0" cb="0"/><line nr="73" mi="1" ci="0" mb="0" cb="0"/><line nr="80" mi="18" ci="0" mb="2" cb="0"/><line nr="81" mi="5" ci="0" mb="0" cb="0"/><line nr="84" mi="1" ci="0" mb="0" cb="0"/><line nr="87" mi="0" ci="3" mb="0" cb="0"/><line nr="91" mi="3" ci="0" mb="0" cb="0"/><line nr="95" mi="3" ci="0" mb="0" cb="0"/><line nr="96" mi="1" ci="0" mb="0" cb="0"/><line nr="99" mi="10" ci="0" mb="0" cb="0"/><line nr="103" mi="3" ci="0" mb="0" cb="0"/><line nr="104" mi="1" ci="0" mb="0" cb="0"/><line nr="107" mi="3" ci="0" mb="0" cb="0"/><counter type="INSTRUCTION" missed="76" covered="50"/><counter type="BRANCH" missed="2" covered="0"/><counter type="LINE" missed="22" covered="15"/><counter type="COMPLEXITY" missed="16" covered="5"/><counter type="METHOD" missed="15" covered="5"/><counter type="CLASS" missed="0" covered="1"/></sourcefile><counter type="INSTRUCTION" missed="141" covered="100"/><counter type="BRANCH" missed="2" covered="0"/><counter type="LINE" missed="50" covered="30"/><counter type="COMPLEXITY" missed="33" covered="7"/><counter type="METHOD" missed="32" covered="7"/><counter type="CLASS" missed="0" covered="3"/></package><counter type="INSTRUCTION" missed="500" covered="626"/><counter type="BRANCH" missed="14" covered="18"/><counter type="LINE" missed="128" covered="160"/><counter type="COMPLEXITY" missed="80" covered="44"/><counter type="METHOD" missed="70" covered="38"/><counter type="CLASS" missed="3" covered="9"/></report>